<?xml version="1.0" encoding="UTF-8"?>
<testsuite xmlns:xsi="http://www.w3.org/2001/XMLSchema-instance" xsi:noNamespaceSchemaLocation="https://maven.apache.org/surefire/maven-surefire-plugin/xsd/surefire-test-report-3.0.xsd" version="3.0" name="com.udacity.catpoint.service.SecurityServiceTest" time="1.052" tests="23" errors="0" skipped="0" failures="0">
  <properties>
[...]
</properties>
  <testcase name="catDetected_systemArmedHome_statusChangesToAlarm" classname="com.udacity.catpoint.service.SecurityServiceTest" time="0.895">
    <system-err><![CDATA[WARNING: A Java agent has been loaded dynamically (C:\Users\srira\.m2\repository\net\bytebuddy\byte-buddy-agent\1.14.4\byte-buddy-agent-1.14.4.jar)
WARNING: If a serviceability tool is in use, please run with -XX:+EnableDynamicAgentLoading to hide this warning
WARNING: If a serviceability tool is not in use, please run with -Djdk.instrument.traceUsage for more information
WARNING: Dynamic loading of agents will be disallowed by default in a future release
]]></system-err>
  </testcase>
  <testcase name="noCatDetected_statusChangesToNoAlarm" classname="com.udacity.catpoint.service.SecurityServiceTest" time="0.006"/>
  <testcase name="systemArmed_allSensorsReset(ArmingStatus)[1]" classname="com.udacity.catpoint.service.SecurityServiceTest" time="0.022"/>
  <testcase name="systemArmed_allSensorsReset(ArmingStatus)[2]" classname="com.udacity.catpoint.service.SecurityServiceTest" time="0.002"/>
  <testcase name="getSensors" classname="com.udacity.catpoint.service.SecurityServiceTest" time="0.004"/>
  <testcase name="addRemoveStatusListeners" classname="com.udacity.catpoint.service.SecurityServiceTest" time="0.004"/>
  <testcase name="processImage_callsImageService" classname="com.udacity.catpoint.service.SecurityServiceTest" time="0.003"/>
  <testcase name="sensorDeactivatedWhileInactive_noAlarmStateChange" classname="com.udacity.catpoint.service.SecurityServiceTest" time="0.003"/>
  <testcase name="sensorDeactivated_systemPendingAndAllSensorsInactive_statusChangesToNoAlarm(String)[1]" classname="com.udacity.catpoint.service.SecurityServiceTest" time="0.003"/>
  <testcase name="sensorDeactivated_systemPendingAndAllSensorsInactive_statusChangesToNoAlarm(String)[2]" classname="com.udacity.catpoint.service.SecurityServiceTest" time="0.003"/>
  <testcase name="removeSensor" classname="com.udacity.catpoint.service.SecurityServiceTest" time="0.001"/>
  <testcase name="getAlarmStatus" classname="com.udacity.catpoint.service.SecurityServiceTest" time="0.002"/>
  <testcase name="multipleSensorsWithDifferentStates" classname="com.udacity.catpoint.service.SecurityServiceTest" time="0.003"/>
  <testcase name="getArmingStatus" classname="com.udacity.catpoint.service.SecurityServiceTest" time="0.002"/>
  <testcase name="sensorActivatedWhileActive_systemPending_statusChangesToAlarm" classname="com.udacity.catpoint.service.SecurityServiceTest" time="0.003"/>
  <testcase name="sensorActivated_alarmArmedAndStatusPending_statusChangesToAlarm" classname="com.udacity.catpoint.service.SecurityServiceTest" time="0.003"/>
  <testcase name="systemArmedHomeWithCat_statusIsAlarm" classname="com.udacity.catpoint.service.SecurityServiceTest" time="0.004"/>
  <testcase name="addSensor" classname="com.udacity.catpoint.service.SecurityServiceTest" time="0.001"/>
  <testcase name="sensorActivated_systemDisarmed_noAlarmChange" classname="com.udacity.catpoint.service.SecurityServiceTest" time="0.005"/>
  <testcase name="sensorActivated_alarmArmedAndStatusNoAlarm_statusChangesToPending" classname="com.udacity.catpoint.service.SecurityServiceTest" time="0.003"/>
  <testcase name="sensorDeactivated_alarmActive_noStateChange" classname="com.udacity.catpoint.service.SecurityServiceTest" time="0.002"/>
  <testcase name="sensorActivated_alarmActive_noStateChange" classname="com.udacity.catpoint.service.SecurityServiceTest" time="0.002"/>
  <testcase name="systemDisarmed_statusChangesToNoAlarm" classname="com.udacity.catpoint.service.SecurityServiceTest" time="0.002"/>
</testsuite>